<?xml version="1.0" encoding="UTF-8"?>
<!-- Generated by org.testng.reporters.JUnitReportReporter -->
<testsuite skipped="0" hostname="LAPTOP-70BEO6KF" name="NopTestNG.TestSuit" tests="9" failures="0" timestamp="2020-03-25T17:51:36 GMT" time="400.771" errors="0">
  <testcase name="guestUserShouldBeAbleToAddCommentsSuccessfully" time="26.531" classname="NopTestNG.TestSuit"/>
  <system-out/>
  <testcase name="guestUserShouldBeAbleToCheckOutSuccessfully" time="138.340" classname="NopTestNG.TestSuit"/>
  <system-out/>
  <testcase name="registeredUserShouldBeAbleToReferProductToAFriend" time="73.921" classname="NopTestNG.TestSuit"/>
  <system-out/>
  <testcase name="nonRegisteredUserShouldNotBeAbleToReferProductToAFriend" time="47.437" classname="NopTestNG.TestSuit"/>
  <system-out/>
  <testcase name="userShouldBeAbleToSortPriceHighToLow" time="13.595" classname="NopTestNG.TestSuit"/>
  <system-out/>
  <testcase name="userShouldAbletoRegisterSuccessfully" time="44.182" classname="NopTestNG.TestSuit"/>
  <system-out/>
  <testcase name="userShouldBeAbleToVerifyAddToCartButtonIsPresentSuccessfully" time="13.601" classname="NopTestNG.TestSuit"/>
  <system-out/>
  <testcase name="userShouldBeAbleToChangeCurrencySuccessfully" time="12.700" classname="NopTestNG.TestSuit"/>
  <system-out/>
  <testcase name="userShouldBeAbleToCompareTwoProductSuccessfully" time="30.464" classname="NopTestNG.TestSuit"/>
  <system-out/>
</testsuite> <!-- NopTestNG.TestSuit -->
